<?xml version="1.0" encoding="UTF-8"?>
<!-- Generated by org.testng.reporters.JUnitReportReporter -->
<testsuite hostname="SRIRAM" failures="0" tests="1" name="NewTest" time="124.423" errors="0" timestamp="2022-10-12T12:40:11 IST" skipped="0">
  <testcase classname="NewTest" name="f" time="124.423"/>
  <system-out/>
</testsuite> <!-- NewTest -->
