<?xml version="1.0" encoding="UTF-8"?>
<!-- Generated by org.testng.reporters.JUnitReportReporter -->
<testsuite hostname="SRIRAM" failures="0" tests="1" name="NewTest1" time="36.395" errors="0" timestamp="2022-10-12T12:54:58 IST" skipped="0">
  <testcase classname="NewTest1" name="f" time="36.395"/>
  <system-out/>
</testsuite> <!-- NewTest1 -->
